[08:11:20] [ServerMain/INFO]: Environment: Environment[sessionHost=https://sessionserver.mojang.com, servicesHost=https://api.minecraftservices.com, name=PROD]
[08:11:23] [ServerMain/INFO]: Loaded 1370 recipes
[08:11:23] [ServerMain/INFO]: Loaded 1481 advancements
[08:11:23] [Server thread/INFO]: Starting minecraft server version 1.21.4
[08:11:23] [Server thread/INFO]: Loading properties
[08:11:23] [Server thread/INFO]: Default game type: SURVIVAL
[08:11:23] [Server thread/INFO]: Generating keypair
[08:11:23] [Server thread/INFO]: Starting Minecraft server on *:25565
[08:11:23] [Server thread/INFO]: Using epoll channel type
[08:11:23] [Server thread/INFO]: Preparing level "world"
[08:11:24] [Server thread/INFO]: Preparing start region for dimension minecraft:overworld
[08:11:28] [Worker-Main-3/INFO]: Preparing spawn area: 0%
[08:11:28] [Worker-Main-3/INFO]: Preparing spawn area: 0%
[08:11:28] [Worker-Main-3/INFO]: Preparing spawn area: 0%
[08:11:28] [Worker-Main-3/INFO]: Preparing spawn area: 0%
[08:11:28] [Worker-Main-3/INFO]: Preparing spawn area: 0%
[08:11:28] [Worker-Main-3/INFO]: Preparing spawn area: 0%
[08:11:28] [Worker-Main-3/INFO]: Preparing spawn area: 0%
[08:11:28] [Worker-Main-3/INFO]: Preparing spawn area: 0%
[08:11:28] [Worker-Main-3/INFO]: Preparing spawn area: 0%
[08:11:28] [Worker-Main-3/INFO]: Preparing spawn area: 0%
[08:11:29] [Server thread/INFO]: Time elapsed: 4857 ms
[08:11:29] [Server thread/INFO]: Done (5.129s)! For help, type "help"
[08:12:29] [Server thread/INFO]: Server empty for 60 seconds, pausing
[08:12:33] [User Authenticator #1/INFO]: UUID of player Yamen9z is 6279238b-041a-4ca2-acde-669be7d696eb
[08:12:34] [Server thread/INFO]: Yamen9z[/10.147.20.81:51155] logged in with entity id 7 at (-49999.7, 89.0, 300000.5)
[08:12:34] [Server thread/INFO]: Yamen9z joined the game
[08:13:02] [Server thread/INFO]: [Yamen9z: Teleported Yamen9z to -499999.500000, 70.000000, -299999.500000]
[08:15:28] [Server thread/INFO]: [Yamen9z: Teleported Yamen9z to -501644.500000, 70.000000, -293079.500000]
[08:20:16] [User Authenticator #2/INFO]: UUID of player LEON_445 is 82823dcb-cf4c-4186-9988-e9e4d1adbfc9
[08:20:17] [Server thread/INFO]: LEON_445[/10.147.20.36:50086] logged in with entity id 2961 at (-4259.300000011921, 64.0, -1071.300000011921)
[08:20:17] [Server thread/INFO]: LEON_445 joined the game
[08:20:30] [Server thread/INFO]: [LEON_445: Teleported LEON_445 to Yamen9z]
[08:20:36] [Server thread/INFO]: <Yamen9z> ro7 oftor
[08:20:53] [Server thread/INFO]: <Yamen9z> btsabeh 3la minecraft
[08:20:54] [Server thread/INFO]: <LEON_445> laaa3
